<?xml version="1.0" encoding="UTF-8"?>
<testng-results skipped="0" failed="0" ignored="0" total="1" passed="1">
  <reporter-output>
  </reporter-output>
  <suite name="com.testng.basicanotaions.BasicTest" duration-ms="92" started-at="2020-04-14T17:12:26 IST" finished-at="2020-04-14T17:12:26 IST">
    <groups>
    </groups>
    <test name="Command line test" duration-ms="92" started-at="2020-04-14T17:12:26 IST" finished-at="2020-04-14T17:12:26 IST">
      <class name="com.testng.basicanotaions.BasicTest">
        <test-method status="PASS" signature="beforeSuit()[pri:0, instance:com.testng.basicanotaions.BasicTest@3532ec19]" name="beforeSuit" is-config="true" duration-ms="14" started-at="2020-04-14T17:12:26 IST" finished-at="2020-04-14T17:12:26 IST">
          <reporter-output>
          </reporter-output>
        </test-method> <!-- beforeSuit -->
        <test-method status="PASS" signature="beforeClass()[pri:0, instance:com.testng.basicanotaions.BasicTest@3532ec19]" name="beforeClass" is-config="true" duration-ms="1" started-at="2020-04-14T17:12:26 IST" finished-at="2020-04-14T17:12:26 IST">
          <reporter-output>
          </reporter-output>
        </test-method> <!-- beforeClass -->
        <test-method status="PASS" signature="test()[pri:0, instance:com.testng.basicanotaions.BasicTest@3532ec19]" name="test" duration-ms="12" started-at="2020-04-14T17:12:26 IST" finished-at="2020-04-14T17:12:26 IST">
          <reporter-output>
          </reporter-output>
        </test-method> <!-- test -->
      </class> <!-- com.testng.basicanotaions.BasicTest -->
    </test> <!-- Command line test -->
  </suite> <!-- com.testng.basicanotaions.BasicTest -->
</testng-results>
