<?xml version="1.0" encoding="UTF-8"?>
<testng-results skipped="0" failed="0" total="1" passed="1">
  <reporter-output>
  </reporter-output>
  <suite name="Default suite" duration-ms="40" started-at="2020-04-25T05:46:51Z" finished-at="2020-04-25T05:46:52Z">
    <groups>
    </groups>
    <test name="Default test" duration-ms="40" started-at="2020-04-25T05:46:51Z" finished-at="2020-04-25T05:46:52Z">
      <class name="com.testng.inconvationtime.TestInvocationTime">
        <test-method status="PASS" signature="PrintTest()[pri:0, instance:com.testng.inconvationtime.TestInvocationTime@1c53fd30]" name="PrintTest" duration-ms="16" started-at="2020-04-25T11:16:52Z" finished-at="2020-04-25T11:16:52Z">
          <reporter-output>
          </reporter-output>
        </test-method> <!-- PrintTest -->
      </class> <!-- com.testng.inconvationtime.TestInvocationTime -->
    </test> <!-- Default test -->
  </suite> <!-- Default suite -->
</testng-results>
